
[Mon Aug 03 2020 13:51:03 GMT+0300 (Москва, стандартное время)] Error: ENOENT: no such file or directory, mkdir 'C:\WEB\Git\msp\backup\202083'
[Mon Aug 03 2020 13:51:03 GMT+0300 (Москва, стандартное время)] BACKUP to: C:\WEB\Git\msp\backup\202083
[Mon Aug 03 2020 13:51:03 GMT+0300 (Москва, стандартное время)] Backuping Database
[Mon Aug 03 2020 13:51:03 GMT+0300 (Москва, стандартное время)] 
[Mon Aug 03 2020 13:51:03 GMT+0300 (Москва, стандартное время)] Backup complete!
[Mon Aug 03 2020 13:51:03 GMT+0300 (Москва, стандартное время)] [4m[1mInitializing database tables[22m[24m
[Mon Aug 03 2020 13:51:03 GMT+0300 (Москва, стандартное время)] [31merror: таблица "document" не существует[39m
[Mon Aug 03 2020 13:51:03 GMT+0300 (Москва, стандартное время)] Query was: DROP TABLE public.document
[Mon Aug 03 2020 13:51:03 GMT+0300 (Москва, стандартное время)] [31merror: таблица "okved" не существует[39m
[Mon Aug 03 2020 13:51:03 GMT+0300 (Москва, стандартное время)] Query was: DROP TABLE public.okved
[Mon Aug 03 2020 13:51:03 GMT+0300 (Москва, стандартное время)] 2/4
[Mon Aug 03 2020 13:51:03 GMT+0300 (Москва, стандартное время)] 0/0
[Mon Aug 03 2020 13:51:03 GMT+0300 (Москва, стандартное время)] Backup complete!
[Mon Aug 03 2020 13:51:03 GMT+0300 (Москва, стандартное время)] [4m[1mInitializing database tables[22m[24m
[Mon Aug 03 2020 13:51:03 GMT+0300 (Москва, стандартное время)] [31merror: таблица "errorlog" не существует[39m
[Mon Aug 03 2020 13:51:03 GMT+0300 (Москва, стандартное время)] Query was: DROP TABLE public.errorlog
[Mon Aug 03 2020 13:51:03 GMT+0300 (Москва, стандартное время)] 3/4
[Mon Aug 03 2020 13:51:03 GMT+0300 (Москва, стандартное время)] [31merror: таблица "licences" не существует[39m
[Mon Aug 03 2020 13:51:03 GMT+0300 (Москва, стандартное время)] Query was: DROP TABLE public.licences
[Mon Aug 03 2020 13:51:03 GMT+0300 (Москва, стандартное время)] 0/4
[Mon Aug 03 2020 13:51:03 GMT+0300 (Москва, стандартное время)] [31merror: таблица "licences" не существует[39m
[Mon Aug 03 2020 13:51:03 GMT+0300 (Москва, стандартное время)] Query was: DROP TABLE public.licences
[Mon Aug 03 2020 13:51:03 GMT+0300 (Москва, стандартное время)] 4/4
[Mon Aug 03 2020 13:51:03 GMT+0300 (Москва, стандартное время)] Tables droped!
[Mon Aug 03 2020 13:51:03 GMT+0300 (Москва, стандартное время)] [31merror: таблица "document" не существует[39m
[Mon Aug 03 2020 13:51:03 GMT+0300 (Москва, стандартное время)] Query was: DROP TABLE public.document
[Mon Aug 03 2020 13:51:03 GMT+0300 (Москва, стандартное время)] 2/4
[Mon Aug 03 2020 13:51:03 GMT+0300 (Москва, стандартное время)] 0/4
[Mon Aug 03 2020 13:51:03 GMT+0300 (Москва, стандартное время)] 2/4
[Mon Aug 03 2020 13:51:03 GMT+0300 (Москва, стандартное время)] [31merror: таблица "okved" не существует[39m
[Mon Aug 03 2020 13:51:03 GMT+0300 (Москва, стандартное время)] Query was: DROP TABLE public.okved
[Mon Aug 03 2020 13:51:03 GMT+0300 (Москва, стандартное время)] 1/4
[Mon Aug 03 2020 13:51:03 GMT+0300 (Москва, стандартное время)] 3/4
[Mon Aug 03 2020 13:51:03 GMT+0300 (Москва, стандартное время)] 1/4
[Mon Aug 03 2020 13:51:03 GMT+0300 (Москва, стандартное время)] [31merror: таблица "errorlog" не существует[39m
[Mon Aug 03 2020 13:51:03 GMT+0300 (Москва, стандартное время)] Query was: DROP TABLE public.errorlog
[Mon Aug 03 2020 13:51:03 GMT+0300 (Москва, стандартное время)] 4/4
[Mon Aug 03 2020 13:51:03 GMT+0300 (Москва, стандартное время)] Tables droped!
[Mon Aug 03 2020 13:51:03 GMT+0300 (Москва, стандартное время)] 1/4
[Mon Aug 03 2020 13:51:03 GMT+0300 (Москва, стандартное время)] 0/4
[Mon Aug 03 2020 13:51:03 GMT+0300 (Москва, стандартное время)] 1/4
[Mon Aug 03 2020 13:51:03 GMT+0300 (Москва, стандартное время)] [31merror: отношение "document" уже существует[39m
[Mon Aug 03 2020 13:51:03 GMT+0300 (Москва, стандартное время)] Query was: create table document (id character varying(36),actualdate character varying(10),startdate character varying(10),subjtype double precision,subjcategory double precision,subjnew double precision,subjcategorydesc character varying(20),inn character varying(12),sname character varying(50),fname character varying(50),pname character varying(50),region character varying(2),orgname character varying(250),shortname character varying(100),type character varying(2))
[Mon Aug 03 2020 13:51:03 GMT+0300 (Москва, стандартное время)] 1/4
[Mon Aug 03 2020 13:51:03 GMT+0300 (Москва, стандартное время)] 4/4
[Mon Aug 03 2020 13:51:03 GMT+0300 (Москва, стандартное время)] Tables created!
[Mon Aug 03 2020 13:51:03 GMT+0300 (Москва, стандартное время)] Init completed!
[Mon Aug 03 2020 13:51:04 GMT+0300 (Москва, стандартное время)] 1/4
[Mon Aug 03 2020 13:51:40 GMT+0300 (Москва, стандартное время)] BACKUP to: C:\WEB\Git\msp\backup\202083
[Mon Aug 03 2020 13:51:40 GMT+0300 (Москва, стандартное время)] Backuping Database
[Mon Aug 03 2020 13:51:40 GMT+0300 (Москва, стандартное время)] [object Object],[object Object],[object Object],[object Object]
[Mon Aug 03 2020 13:51:40 GMT+0300 (Москва, стандартное время)] 1/4
[Mon Aug 03 2020 13:51:40 GMT+0300 (Москва, стандартное время)] 4/4
[Mon Aug 03 2020 13:51:40 GMT+0300 (Москва, стандартное время)] Backup complete!
[Mon Aug 03 2020 13:51:40 GMT+0300 (Москва, стандартное время)] [4m[1mInitializing database tables[22m[24m
[Mon Aug 03 2020 13:51:40 GMT+0300 (Москва, стандартное время)] 4/4
[Mon Aug 03 2020 13:51:40 GMT+0300 (Москва, стандартное время)] Tables droped!
[Mon Aug 03 2020 13:51:40 GMT+0300 (Москва, стандартное время)] 0/4
[Mon Aug 03 2020 13:51:40 GMT+0300 (Москва, стандартное время)] 3/4
[Mon Aug 03 2020 13:51:40 GMT+0300 (Москва, стандартное время)] 4/4
[Mon Aug 03 2020 13:51:40 GMT+0300 (Москва, стандартное время)] Tables created!
[Mon Aug 03 2020 13:51:40 GMT+0300 (Москва, стандартное время)] Init completed!
[Mon Aug 03 2020 13:53:32 GMT+0300 (Москва, стандартное время)] Files found:1
[Mon Aug 03 2020 13:53:32 GMT+0300 (Москва, стандартное время)] File: [1mMSP.xml[22m
[Mon Aug 03 2020 13:53:32 GMT+0300 (Москва, стандартное время)] 0/8927
[Mon Aug 03 2020 13:53:32 GMT+0300 (Москва, стандартное время)] [31merror: ошибка синтаксиса (примерное положение: "d4122b")[39m
[Mon Aug 03 2020 13:53:32 GMT+0300 (Москва, стандартное время)] Query was: insert into document (id,actualdate ,startdate ,subjtype ,subjcategory ,subjnew ,subjcategorydesc ,inn ,sname ,fname ,pname ,region ,orgname ,shortname ,type) values(22d4122b-98f5-43e3-8af9-7b4030d00293,10.07.2020,10.08.2017,2,1,2,Малое Предприятие,402900163193,АФОНИНА,ЕКАТЕРИНА,АНАТОЛЬЕВНА,40,undefined,undefined,undefined)
[Mon Aug 03 2020 13:53:32 GMT+0300 (Москва, стандартное время)] 1/8927
[Mon Aug 03 2020 13:53:32 GMT+0300 (Москва, стандартное время)] [31merror: ошибка синтаксиса (примерное положение: "bf78a07")[39m
[Mon Aug 03 2020 13:53:32 GMT+0300 (Москва, стандартное время)] Query was: insert into document (id,actualdate ,startdate ,subjtype ,subjcategory ,subjnew ,subjcategorydesc ,inn ,sname ,fname ,pname ,region ,orgname ,shortname ,type) values(2bf78a07-4d71-447d-90c3-d032471ee4af,10.07.2020,10.02.2018,2,1,2,Малое Предприятие,402817463191,ПИТУШКАН,ЛЮДМИЛА,ВАСИЛЬЕВНА,40,undefined,undefined,undefined)
[Mon Aug 03 2020 13:53:32 GMT+0300 (Москва, стандартное время)] [31merror: ошибка синтаксиса (примерное положение: "d62")[39m
[Mon Aug 03 2020 13:53:32 GMT+0300 (Москва, стандартное время)] Query was: insert into document (id,actualdate ,startdate ,subjtype ,subjcategory ,subjnew ,subjcategorydesc ,inn ,sname ,fname ,pname ,region ,orgname ,shortname ,type) values(b865c8ad-814e-4d62-a788-bd5609063d13,10.07.2020,10.12.2018,2,1,2,Малое Предприятие,402815755294,ВОСКАНЯН,МАРИАННА,ГАГИКОВНА,40,undefined,undefined,undefined)
[Mon Aug 03 2020 13:53:32 GMT+0300 (Москва, стандартное время)] 3/8927
[Mon Aug 03 2020 13:53:32 GMT+0300 (Москва, стандартное время)] [31merror: ошибка синтаксиса (примерное положение: "f8")[39m
[Mon Aug 03 2020 13:53:32 GMT+0300 (Москва, стандартное время)] Query was: insert into document (id,actualdate ,startdate ,subjtype ,subjcategory ,subjnew ,subjcategorydesc ,inn ,sname ,fname ,pname ,region ,orgname ,shortname ,type) values(e81fed0b-60f8-4416-8bd1-a6de066b97e6,10.07.2020,10.06.2019,2,1,1,Малое Предприятие,402814668264,ЗАЛЕТАЕВА,ТАТЬЯНА,ВЛАДИМИРОВНА,40,undefined,undefined,undefined)
[Mon Aug 03 2020 13:53:33 GMT+0300 (Москва, стандартное время)] 4/8927
[Mon Aug 03 2020 13:53:33 GMT+0300 (Москва, стандартное время)] [31merror: ошибка синтаксиса (примерное положение: "c2f")[39m
[Mon Aug 03 2020 13:53:33 GMT+0300 (Москва, стандартное время)] Query was: insert into document (id,actualdate ,startdate ,subjtype ,subjcategory ,subjnew ,subjcategorydesc ,inn ,sname ,fname ,pname ,region ,orgname ,shortname ,type) values(77951c2f-8612-47e2-b1b1-ace7718e7696,10.07.2020,01.08.2016,2,1,2,Малое Предприятие,402900221751,ФОМИЧЕВА,ВЕРА,МИХАЙЛОВНА,40,undefined,undefined,undefined)
[Mon Aug 03 2020 13:53:33 GMT+0300 (Москва, стандартное время)] [31merror: ошибка синтаксиса (примерное положение: "b89")[39m
[Mon Aug 03 2020 13:53:33 GMT+0300 (Москва, стандартное время)] Query was: insert into document (id,actualdate ,startdate ,subjtype ,subjcategory ,subjnew ,subjcategorydesc ,inn ,sname ,fname ,pname ,region ,orgname ,shortname ,type) values(eee43a95-4b89-4200-b1dd-6419cbe6767a,10.07.2020,10.01.2020,2,1,1,Малое Предприятие,402815976991,АЛИМУРАДОВ,АМИР,РОВШАН ОГЛЫ,78,undefined,undefined,undefined)
[Mon Aug 03 2020 13:53:33 GMT+0300 (Москва, стандартное время)] 6/8927
[Mon Aug 03 2020 13:53:33 GMT+0300 (Москва, стандартное время)] [31merror: ошибка синтаксиса (примерное положение: "b525b")[39m
[Mon Aug 03 2020 13:53:33 GMT+0300 (Москва, стандартное время)] Query was: insert into document (id,actualdate ,startdate ,subjtype ,subjcategory ,subjnew ,subjcategorydesc ,inn ,sname ,fname ,pname ,region ,orgname ,shortname ,type) values(890b525b-9c62-4747-8266-fb063d1594f9,10.07.2020,01.08.2016,2,1,2,Малое Предприятие,402814380966,ГРАБАРЕНКО,ПАВЕЛ,ПАВЛОВИЧ,78,undefined,undefined,undefined)
[Mon Aug 03 2020 13:53:33 GMT+0300 (Москва, стандартное время)] [31merror: ошибка синтаксиса (примерное положение: "f75")[39m
[Mon Aug 03 2020 13:53:33 GMT+0300 (Москва, стандартное время)] Query was: insert into document (id,actualdate ,startdate ,subjtype ,subjcategory ,subjnew ,subjcategorydesc ,inn ,sname ,fname ,pname ,region ,orgname ,shortname ,type) values(a5b04b22-e0c9-4671-8f75-d5168fb0e8bc,10.07.2020,10.09.2017,2,1,2,Малое Предприятие,402815894019,СУЧКОВА,ЕЛЕНА,СЕРГЕЕВНА,40,undefined,undefined,undefined)
[Mon Aug 03 2020 13:53:33 GMT+0300 (Москва, стандартное время)] [31merror: ошибка синтаксиса (примерное положение: "d7c8f1")[39m
[Mon Aug 03 2020 13:53:33 GMT+0300 (Москва, стандартное время)] Query was: insert into document (id,actualdate ,startdate ,subjtype ,subjcategory ,subjnew ,subjcategorydesc ,inn ,sname ,fname ,pname ,region ,orgname ,shortname ,type) values(30d7c8f1-0699-41c7-9fe4-6f81e882e20f,10.07.2020,01.08.2016,2,1,2,Малое Предприятие,402900319806,ЯКУНИНА,НАТАЛЬЯ,ОЛЕГОВНА,40,undefined,undefined,undefined)
[Mon Aug 03 2020 13:53:33 GMT+0300 (Москва, стандартное время)] [31merror: ошибка синтаксиса (примерное положение: "c")[39m
[Mon Aug 03 2020 13:53:33 GMT+0300 (Москва, стандартное время)] Query was: insert into document (id,actualdate ,startdate ,subjtype ,subjcategory ,subjnew ,subjcategorydesc ,inn ,sname ,fname ,pname ,region ,orgname ,shortname ,type) values(d8af8ee2-206c-45f7-9331-82083f9769bd,10.07.2020,10.05.2018,2,1,2,Малое Предприятие,402900286678,КОНДРАШКИНА,АЛЕВТИНА,АЛЬБЕРТОВНА,40,undefined,undefined,undefined)
[Mon Aug 03 2020 13:53:33 GMT+0300 (Москва, стандартное время)] 10/8927
[Mon Aug 03 2020 13:53:33 GMT+0300 (Москва, стандартное время)] [31merror: ошибка синтаксиса (примерное положение: "f5a")[39m
[Mon Aug 03 2020 13:53:33 GMT+0300 (Москва, стандартное время)] Query was: insert into document (id,actualdate ,startdate ,subjtype ,subjcategory ,subjnew ,subjcategorydesc ,inn ,sname ,fname ,pname ,region ,orgname ,shortname ,type) values(12266588-ea0c-4f5a-b734-0f47ff91db0f,10.07.2020,10.11.2017,2,1,2,Малое Предприятие,402818045398,АХМЕДОВ,ЭЛЬДАНИЗ,ХЕЙБАТ ОГЛЫ,40,undefined,undefined,undefined)
[Mon Aug 03 2020 13:53:33 GMT+0300 (Москва, стандартное время)] [31merror: ошибка синтаксиса (примерное положение: "b")[39m
[Mon Aug 03 2020 13:53:33 GMT+0300 (Москва, стандартное время)] Query was: insert into document (id,actualdate ,startdate ,subjtype ,subjcategory ,subjnew ,subjcategorydesc ,inn ,sname ,fname ,pname ,region ,orgname ,shortname ,type) values(f8f121eb-642b-42c2-ae73-bdfc920bef57,10.07.2020,10.03.2020,2,1,1,Малое Предприятие,402816155701,ТВЕРСКОЙ,АНТОН,РОМАНОВИЧ,40,undefined,undefined,undefined)
[Mon Aug 03 2020 13:53:33 GMT+0300 (Москва, стандартное время)] [31merror: ошибка синтаксиса (примерное положение: "b7074ad")[39m
[Mon Aug 03 2020 13:53:33 GMT+0300 (Москва, стандартное время)] Query was: insert into document (id,actualdate ,startdate ,subjtype ,subjcategory ,subjnew ,subjcategorydesc ,inn ,sname ,fname ,pname ,region ,orgname ,shortname ,type) values(2b7074ad-d94f-4f33-aae5-b6a3a2a22492,10.07.2020,10.12.2018,2,1,2,Малое Предприятие,402817452270,ФАРАДЖОВ,ХАЯЛ,МАХИР ОГЛЫ,50,undefined,undefined,undefined)
[Mon Aug 03 2020 13:53:33 GMT+0300 (Москва, стандартное время)] 13/8927
[Mon Aug 03 2020 13:53:34 GMT+0300 (Москва, стандартное время)] [31merror: ошибка синтаксиса (примерное положение: "d9ff53")[39m
[Mon Aug 03 2020 13:53:34 GMT+0300 (Москва, стандартное время)] Query was: insert into document (id,actualdate ,startdate ,subjtype ,subjcategory ,subjnew ,subjcategorydesc ,inn ,sname ,fname ,pname ,region ,orgname ,shortname ,type) values(91d9ff53-45cd-4c0b-9584-590a14b03504,10.07.2020,10.03.2020,2,1,1,Малое Предприятие,402813054984,СЕРЕГИН,ВЛАДИСЛАВ,ИГОРЕВИЧ,40,undefined,undefined,undefined)
[Mon Aug 03 2020 13:53:34 GMT+0300 (Москва, стандартное время)] 14/8927
[Mon Aug 03 2020 13:53:34 GMT+0300 (Москва, стандартное время)] [31merror: ошибка синтаксиса (примерное положение: "a2f6b")[39m
[Mon Aug 03 2020 13:53:34 GMT+0300 (Москва, стандартное время)] Query was: insert into document (id,actualdate ,startdate ,subjtype ,subjcategory ,subjnew ,subjcategorydesc ,inn ,sname ,fname ,pname ,region ,orgname ,shortname ,type) values(838a2f6b-4daf-4865-9cdf-9e03b516b89c,10.07.2020,10.09.2019,2,1,1,Малое Предприятие,402817065708,КАСЬЯНОВ,АЛЕКСЕЙ,МИХАЙЛОВИЧ,50,undefined,undefined,undefined)
[Mon Aug 03 2020 14:02:15 GMT+0300 (Москва, стандартное время)] BACKUP to: C:\WEB\Git\msp\backup\202083
[Mon Aug 03 2020 14:02:15 GMT+0300 (Москва, стандартное время)] Backuping Database
[Mon Aug 03 2020 14:02:15 GMT+0300 (Москва, стандартное время)] [object Object],[object Object],[object Object],[object Object]
[Mon Aug 03 2020 14:02:15 GMT+0300 (Москва, стандартное время)] 4/4
[Mon Aug 03 2020 14:02:15 GMT+0300 (Москва, стандартное время)] Backup complete!
[Mon Aug 03 2020 14:02:15 GMT+0300 (Москва, стандартное время)] [4m[1mInitializing database tables[22m[24m
[Mon Aug 03 2020 14:02:15 GMT+0300 (Москва, стандартное время)] 4/4
[Mon Aug 03 2020 14:02:15 GMT+0300 (Москва, стандартное время)] Tables droped!
[Mon Aug 03 2020 14:02:15 GMT+0300 (Москва, стандартное время)] 0/4
[Mon Aug 03 2020 14:02:15 GMT+0300 (Москва, стандартное время)] 0/4
[Mon Aug 03 2020 14:02:15 GMT+0300 (Москва, стандартное время)] 2/4
[Mon Aug 03 2020 14:02:15 GMT+0300 (Москва, стандартное время)] 4/4
[Mon Aug 03 2020 14:02:15 GMT+0300 (Москва, стандартное время)] Tables created!
[Mon Aug 03 2020 14:02:15 GMT+0300 (Москва, стандартное время)] Init completed!
[Mon Aug 03 2020 14:02:26 GMT+0300 (Москва, стандартное время)] Files found:1
[Mon Aug 03 2020 14:02:26 GMT+0300 (Москва, стандартное время)] File: [1mMSP.xml[22m
[Mon Aug 03 2020 14:02:26 GMT+0300 (Москва, стандартное время)] 0/8927
[Mon Aug 03 2020 14:02:26 GMT+0300 (Москва, стандартное время)] 2/8927
[Mon Aug 03 2020 14:02:26 GMT+0300 (Москва, стандартное время)] 259/8927
[Mon Aug 03 2020 14:02:26 GMT+0300 (Москва, стандартное время)] 540/8927
[Mon Aug 03 2020 14:02:27 GMT+0300 (Москва, стандартное время)] 780/8927
[Mon Aug 03 2020 14:02:27 GMT+0300 (Москва, стандартное время)] 1022/8927
[Mon Aug 03 2020 14:02:27 GMT+0300 (Москва, стандартное время)] 1293/8927
[Mon Aug 03 2020 14:02:27 GMT+0300 (Москва, стандартное время)] 1612/8927
[Mon Aug 03 2020 14:02:27 GMT+0300 (Москва, стандартное время)] 1915/8927
[Mon Aug 03 2020 14:02:27 GMT+0300 (Москва, стандартное время)] 2203/8927
[Mon Aug 03 2020 14:02:27 GMT+0300 (Москва, стандартное время)] 2423/8927
[Mon Aug 03 2020 14:02:27 GMT+0300 (Москва, стандартное время)] 2754/8927
[Mon Aug 03 2020 14:02:27 GMT+0300 (Москва, стандартное время)] 3110/8927
[Mon Aug 03 2020 14:02:27 GMT+0300 (Москва, стандартное время)] 3412/8927
[Mon Aug 03 2020 14:02:27 GMT+0300 (Москва, стандартное время)] 3757/8927
[Mon Aug 03 2020 14:02:27 GMT+0300 (Москва, стандартное время)] 4128/8927
[Mon Aug 03 2020 14:02:27 GMT+0300 (Москва, стандартное время)] 4511/8927
[Mon Aug 03 2020 14:02:27 GMT+0300 (Москва, стандартное время)] 4920/8927
[Mon Aug 03 2020 14:02:27 GMT+0300 (Москва, стандартное время)] 5382/8927
[Mon Aug 03 2020 14:02:27 GMT+0300 (Москва, стандартное время)] 5826/8927
[Mon Aug 03 2020 14:02:27 GMT+0300 (Москва, стандартное время)] 6214/8927
[Mon Aug 03 2020 14:02:27 GMT+0300 (Москва, стандартное время)] 6681/8927
[Mon Aug 03 2020 14:02:27 GMT+0300 (Москва, стандартное время)] 7166/8927
[Mon Aug 03 2020 14:02:27 GMT+0300 (Москва, стандартное время)] 7618/8927
[Mon Aug 03 2020 14:02:28 GMT+0300 (Москва, стандартное время)] 8198/8927
[Mon Aug 03 2020 14:02:28 GMT+0300 (Москва, стандартное время)] 8751/8927
[Mon Aug 03 2020 14:02:28 GMT+0300 (Москва, стандартное время)] 8927/8927
[Mon Aug 03 2020 14:02:28 GMT+0300 (Москва, стандартное время)] File [1mMSP.xml[22m added
[Mon Aug 03 2020 16:04:31 GMT+0300 (Москва, стандартное время)] BACKUP to: C:\WEB\Git\msp\backup\202083
[Mon Aug 03 2020 16:04:31 GMT+0300 (Москва, стандартное время)] Backuping Database
[Mon Aug 03 2020 16:04:31 GMT+0300 (Москва, стандартное время)] [object Object],[object Object],[object Object],[object Object]
[Mon Aug 03 2020 16:04:31 GMT+0300 (Москва, стандартное время)] 4/4
[Mon Aug 03 2020 16:04:31 GMT+0300 (Москва, стандартное время)] Backup complete!
[Mon Aug 03 2020 16:04:31 GMT+0300 (Москва, стандартное время)] [4m[1mInitializing database tables[22m[24m
[Mon Aug 03 2020 16:04:31 GMT+0300 (Москва, стандартное время)] 4/4
[Mon Aug 03 2020 16:04:31 GMT+0300 (Москва, стандартное время)] Tables droped!
[Mon Aug 03 2020 16:04:31 GMT+0300 (Москва, стандартное время)] 0/4
[Mon Aug 03 2020 16:04:31 GMT+0300 (Москва, стандартное время)] 1/4
[Mon Aug 03 2020 16:04:31 GMT+0300 (Москва, стандартное время)] 4/4
[Mon Aug 03 2020 16:04:31 GMT+0300 (Москва, стандартное время)] Tables created!
[Mon Aug 03 2020 16:04:31 GMT+0300 (Москва, стандартное время)] Init completed!
[Mon Aug 03 2020 16:04:33 GMT+0300 (Москва, стандартное время)] Files found:1
[Mon Aug 03 2020 16:04:33 GMT+0300 (Москва, стандартное время)] File: [1mMSP.xml[22m
[Mon Aug 03 2020 16:04:33 GMT+0300 (Москва, стандартное время)] 0/8927
[Mon Aug 03 2020 16:04:33 GMT+0300 (Москва, стандартное время)] 54/8927
[Mon Aug 03 2020 16:04:33 GMT+0300 (Москва, стандартное время)] 339/8927
[Mon Aug 03 2020 16:04:33 GMT+0300 (Москва, стандартное время)] 578/8927
[Mon Aug 03 2020 16:04:33 GMT+0300 (Москва, стандартное время)] 782/8927
[Mon Aug 03 2020 16:04:33 GMT+0300 (Москва, стандартное время)] 1065/8927
[Mon Aug 03 2020 16:04:33 GMT+0300 (Москва, стандартное время)] 1343/8927
[Mon Aug 03 2020 16:04:34 GMT+0300 (Москва, стандартное время)] 1628/8927
[Mon Aug 03 2020 16:04:34 GMT+0300 (Москва, стандартное время)] 1891/8927
[Mon Aug 03 2020 16:04:34 GMT+0300 (Москва, стандартное время)] 2163/8927
[Mon Aug 03 2020 16:04:34 GMT+0300 (Москва, стандартное время)] 2397/8927
[Mon Aug 03 2020 16:04:34 GMT+0300 (Москва, стандартное время)] 2674/8927
[Mon Aug 03 2020 16:04:34 GMT+0300 (Москва, стандартное время)] 2870/8927
[Mon Aug 03 2020 16:04:34 GMT+0300 (Москва, стандартное время)] 3190/8927
[Mon Aug 03 2020 16:04:34 GMT+0300 (Москва, стандартное время)] 3535/8927
[Mon Aug 03 2020 16:04:34 GMT+0300 (Москва, стандартное время)] 3920/8927
[Mon Aug 03 2020 16:04:34 GMT+0300 (Москва, стандартное время)] 4304/8927
[Mon Aug 03 2020 16:04:34 GMT+0300 (Москва, стандартное время)] 4801/8927
[Mon Aug 03 2020 16:04:34 GMT+0300 (Москва, стандартное время)] 5353/8927
[Mon Aug 03 2020 16:04:34 GMT+0300 (Москва, стандартное время)] 5834/8927
[Mon Aug 03 2020 16:04:34 GMT+0300 (Москва, стандартное время)] 6291/8927
[Mon Aug 03 2020 16:04:34 GMT+0300 (Москва, стандартное время)] 6778/8927
[Mon Aug 03 2020 16:04:34 GMT+0300 (Москва, стандартное время)] 7271/8927
[Mon Aug 03 2020 16:04:34 GMT+0300 (Москва, стандартное время)] 7753/8927
[Mon Aug 03 2020 16:04:34 GMT+0300 (Москва, стандартное время)] 8242/8927
[Mon Aug 03 2020 16:04:34 GMT+0300 (Москва, стандартное время)] 8750/8927
[Mon Aug 03 2020 16:04:34 GMT+0300 (Москва, стандартное время)] 8927/8927
[Mon Aug 03 2020 16:04:34 GMT+0300 (Москва, стандартное время)] File [1mMSP.xml[22m added
[Mon Aug 03 2020 18:43:59 GMT+0300 (Москва, стандартное время)] BACKUP to: C:\WEB\Git\msp\backup\202083
[Mon Aug 03 2020 18:43:59 GMT+0300 (Москва, стандартное время)] Backuping Database
[Mon Aug 03 2020 18:43:59 GMT+0300 (Москва, стандартное время)] [object Object],[object Object],[object Object],[object Object]
[Mon Aug 03 2020 18:43:59 GMT+0300 (Москва, стандартное время)] 4/4
[Mon Aug 03 2020 18:43:59 GMT+0300 (Москва, стандартное время)] Backup complete!
[Mon Aug 03 2020 18:43:59 GMT+0300 (Москва, стандартное время)] [4m[1mInitializing database tables[22m[24m
[Mon Aug 03 2020 18:43:59 GMT+0300 (Москва, стандартное время)] 4/4
[Mon Aug 03 2020 18:43:59 GMT+0300 (Москва, стандартное время)] Tables droped!
[Mon Aug 03 2020 18:43:59 GMT+0300 (Москва, стандартное время)] 0/4
[Mon Aug 03 2020 18:43:59 GMT+0300 (Москва, стандартное время)] 1/4
[Mon Aug 03 2020 18:43:59 GMT+0300 (Москва, стандартное время)] 4/4
[Mon Aug 03 2020 18:43:59 GMT+0300 (Москва, стандартное время)] Tables created!
[Mon Aug 03 2020 18:43:59 GMT+0300 (Москва, стандартное время)] Init completed!
[Mon Aug 03 2020 18:44:00 GMT+0300 (Москва, стандартное время)] Files found:1
[Mon Aug 03 2020 18:44:00 GMT+0300 (Москва, стандартное время)] File: [1mMSP.xml[22m
[Mon Aug 03 2020 18:44:01 GMT+0300 (Москва, стандартное время)] File [1mMSP.xml[22m added (8927 sqls)
[Mon Aug 03 2020 18:44:26 GMT+0300 (Москва, стандартное время)] Files found:1
[Mon Aug 03 2020 18:44:26 GMT+0300 (Москва, стандартное время)] File: [1mMSP.xml[22m
[Mon Aug 03 2020 18:44:27 GMT+0300 (Москва, стандартное время)] File [1mMSP.xml[22m added (8927 sqls)
[Mon Aug 03 2020 18:44:38 GMT+0300 (Москва, стандартное время)] Files found:1
[Mon Aug 03 2020 18:44:38 GMT+0300 (Москва, стандартное время)] File: [1mMSP.xml[22m
[Mon Aug 03 2020 18:44:39 GMT+0300 (Москва, стандартное время)] File [1mMSP.xml[22m added (8927 sqls)
[Mon Aug 03 2020 18:45:15 GMT+0300 (Москва, стандартное время)] Files found:1
[Mon Aug 03 2020 18:45:15 GMT+0300 (Москва, стандартное время)] File: [1mMSP.xml[22m
[Mon Aug 03 2020 18:45:16 GMT+0300 (Москва, стандартное время)] File [1mMSP.xml[22m added (8927 sqls)
[Mon Aug 03 2020 18:45:17 GMT+0300 (Москва, стандартное время)] Finished reading
[Mon Aug 03 2020 18:45:17 GMT+0300 (Москва, стандартное время)] 0/8927
[Mon Aug 03 2020 18:45:17 GMT+0300 (Москва, стандартное время)] 200/8927
[Mon Aug 03 2020 18:45:17 GMT+0300 (Москва, стандартное время)] 491/8927
[Mon Aug 03 2020 18:45:17 GMT+0300 (Москва, стандартное время)] 614/8927
[Mon Aug 03 2020 18:45:17 GMT+0300 (Москва, стандартное время)] 872/8927
[Mon Aug 03 2020 18:45:17 GMT+0300 (Москва, стандартное время)] 1072/8927
[Mon Aug 03 2020 18:45:17 GMT+0300 (Москва, стандартное время)] 1308/8927
[Mon Aug 03 2020 18:45:17 GMT+0300 (Москва, стандартное время)] 1455/8927
[Mon Aug 03 2020 18:45:17 GMT+0300 (Москва, стандартное время)] 1730/8927
[Mon Aug 03 2020 18:45:17 GMT+0300 (Москва, стандартное время)] 2020/8927
[Mon Aug 03 2020 18:45:17 GMT+0300 (Москва, стандартное время)] 2296/8927
[Mon Aug 03 2020 18:45:17 GMT+0300 (Москва, стандартное время)] 2611/8927
[Mon Aug 03 2020 18:45:17 GMT+0300 (Москва, стандартное время)] 2949/8927
[Mon Aug 03 2020 18:45:17 GMT+0300 (Москва, стандартное время)] 3366/8927
[Mon Aug 03 2020 18:45:17 GMT+0300 (Москва, стандартное время)] 3759/8927
[Mon Aug 03 2020 18:45:17 GMT+0300 (Москва, стандартное время)] 4121/8927
[Mon Aug 03 2020 18:45:17 GMT+0300 (Москва, стандартное время)] 4473/8927
[Mon Aug 03 2020 18:45:18 GMT+0300 (Москва, стандартное время)] 4866/8927
[Mon Aug 03 2020 18:45:18 GMT+0300 (Москва, стандартное время)] 5335/8927
[Mon Aug 03 2020 18:45:18 GMT+0300 (Москва, стандартное время)] 5749/8927
[Mon Aug 03 2020 18:45:18 GMT+0300 (Москва, стандартное время)] 6185/8927
[Mon Aug 03 2020 18:45:18 GMT+0300 (Москва, стандартное время)] 6652/8927
[Mon Aug 03 2020 18:45:18 GMT+0300 (Москва, стандартное время)] 7142/8927
[Mon Aug 03 2020 18:45:18 GMT+0300 (Москва, стандартное время)] 7602/8927
[Mon Aug 03 2020 18:45:18 GMT+0300 (Москва, стандартное время)] 8129/8927
[Mon Aug 03 2020 18:45:18 GMT+0300 (Москва, стандартное время)] 8692/8927
[Mon Aug 03 2020 18:45:18 GMT+0300 (Москва, стандартное время)] 8927/8927
[Mon Aug 03 2020 18:45:18 GMT+0300 (Москва, стандартное время)] SQL executed